{"message":"Data Get Successfullly","level":"info","timestamp":"2021-03-01T19:30:23.352Z"}
{"message":"Data Get Successfullly","level":"info","timestamp":"2021-03-02T18:26:17.037Z"}
{"message":"Data Get Successfullly","level":"info","timestamp":"2021-03-02T18:26:47.509Z"}
{"message":"Data Get Successfullly","level":"info","timestamp":"2021-03-02T18:29:08.684Z"}
{"message":"login token has verified","level":"info","timestamp":"2021-03-02T18:30:59.667Z"}
{"message":"Data Get Successfullly","level":"info","timestamp":"2021-03-03T18:37:31.810Z"}
{"message":"Data Get Successfullly","level":"info","timestamp":"2021-03-03T18:42:38.189Z"}
{"message":"Data Get Successfullly","level":"info","timestamp":"2021-03-04T04:33:51.039Z"}
{"message":"Data Get Successfullly","level":"info","timestamp":"2021-03-04T04:36:27.610Z"}
{"message":"Data Get Successfullly","level":"info","timestamp":"2021-03-04T04:36:52.210Z"}
{"message":"login token has verified","level":"info","timestamp":"2021-03-04T04:53:11.208Z"}
{"message":"login token has verified","level":"info","timestamp":"2021-03-04T04:54:14.790Z"}
{"message":"{\"success\":false,\"message\":\"you have filled invalid data\",\"error\":[{\"value\":\"\",\"msg\":\"FirstName is Required!\",\"param\":\"firstName\",\"location\":\"body\"},{\"value\":\"\",\"msg\":\"FirstName should be only Alphabet!\",\"param\":\"firstName\",\"location\":\"body\"},{\"value\":\"\",\"msg\":\"FirstName atleast contains  3 character!\",\"param\":\"firstName\",\"location\":\"body\"}]}","level":"error","timestamp":"2021-03-04T05:35:30.903Z"}
{"message":"{\"success\":false,\"message\":\"something went Wrong\",\"error\":[{\"value\":\"\",\"msg\":\"FirstName is Required!\",\"param\":\"firstName\",\"location\":\"body\"},{\"value\":\"\",\"msg\":\"FirstName should be only Alphabet!\",\"param\":\"firstName\",\"location\":\"body\"},{\"value\":\"\",\"msg\":\"FirstName atleast contains  3 character!\",\"param\":\"firstName\",\"location\":\"body\"}]}","level":"error","timestamp":"2021-03-04T05:35:30.905Z"}
{"message":"{\"success\":false,\"message\":\"you have filled invalid data\",\"error\":[{\"value\":\"\",\"msg\":\"FirstName is Required!\",\"param\":\"firstName\",\"location\":\"body\"},{\"value\":\"\",\"msg\":\"FirstName should be only Alphabet!\",\"param\":\"firstName\",\"location\":\"body\"},{\"value\":\"\",\"msg\":\"FirstName atleast contains  3 character!\",\"param\":\"firstName\",\"location\":\"body\"}]}","level":"error","timestamp":"2021-03-04T05:36:28.821Z"}
{"message":"{\"success\":false,\"message\":\"something went Wrong\",\"error\":[{\"value\":\"\",\"msg\":\"FirstName is Required!\",\"param\":\"firstName\",\"location\":\"body\"},{\"value\":\"\",\"msg\":\"FirstName should be only Alphabet!\",\"param\":\"firstName\",\"location\":\"body\"},{\"value\":\"\",\"msg\":\"FirstName atleast contains  3 character!\",\"param\":\"firstName\",\"location\":\"body\"}]}","level":"error","timestamp":"2021-03-04T05:36:28.859Z"}
{"message":"{\"success\":false,\"message\":\"you have filled invalid data\",\"error\":[{\"value\":\"\",\"msg\":\"FirstName is Required!\",\"param\":\"firstName\",\"location\":\"body\"},{\"value\":\"\",\"msg\":\"FirstName should be only Alphabet!\",\"param\":\"firstName\",\"location\":\"body\"},{\"value\":\"\",\"msg\":\"FirstName atleast contains  3 character!\",\"param\":\"firstName\",\"location\":\"body\"}]}","level":"error","timestamp":"2021-03-04T05:36:33.574Z"}
{"message":"{\"success\":false,\"message\":\"something went Wrong\",\"error\":[{\"value\":\"\",\"msg\":\"FirstName is Required!\",\"param\":\"firstName\",\"location\":\"body\"},{\"value\":\"\",\"msg\":\"FirstName should be only Alphabet!\",\"param\":\"firstName\",\"location\":\"body\"},{\"value\":\"\",\"msg\":\"FirstName atleast contains  3 character!\",\"param\":\"firstName\",\"location\":\"body\"}]}","level":"error","timestamp":"2021-03-04T05:36:33.576Z"}
{"message":"login token has verified","level":"info","timestamp":"2021-03-04T05:37:27.027Z"}
{"message":"{\"success\":false,\"message\":\"you have filled invalid data\",\"error\":[{\"value\":\"\",\"msg\":\"FirstName is Required!\",\"param\":\"firstName\",\"location\":\"body\"},{\"value\":\"\",\"msg\":\"FirstName should be only Alphabet!\",\"param\":\"firstName\",\"location\":\"body\"},{\"value\":\"\",\"msg\":\"FirstName atleast contains  3 character!\",\"param\":\"firstName\",\"location\":\"body\"}]}","level":"error","timestamp":"2021-03-04T05:39:57.013Z"}
{"message":"{\"success\":false,\"message\":\"something went Wrong\",\"error\":[{\"value\":\"\",\"msg\":\"FirstName is Required!\",\"param\":\"firstName\",\"location\":\"body\"},{\"value\":\"\",\"msg\":\"FirstName should be only Alphabet!\",\"param\":\"firstName\",\"location\":\"body\"},{\"value\":\"\",\"msg\":\"FirstName atleast contains  3 character!\",\"param\":\"firstName\",\"location\":\"body\"}]}","level":"error","timestamp":"2021-03-04T05:39:57.022Z"}
{"message":"{\"success\":false,\"message\":\"you have filled invalid data\",\"error\":[{\"value\":\"\",\"msg\":\"FirstName is Required!\",\"param\":\"firstName\",\"location\":\"body\"},{\"value\":\"\",\"msg\":\"FirstName should be only Alphabet!\",\"param\":\"firstName\",\"location\":\"body\"},{\"value\":\"\",\"msg\":\"FirstName atleast contains  3 character!\",\"param\":\"firstName\",\"location\":\"body\"}]}","level":"error","timestamp":"2021-03-04T05:40:58.673Z"}
{"message":"{\"success\":false,\"message\":\"something went Wrong\",\"error\":[{\"value\":\"\",\"msg\":\"FirstName is Required!\",\"param\":\"firstName\",\"location\":\"body\"},{\"value\":\"\",\"msg\":\"FirstName should be only Alphabet!\",\"param\":\"firstName\",\"location\":\"body\"},{\"value\":\"\",\"msg\":\"FirstName atleast contains  3 character!\",\"param\":\"firstName\",\"location\":\"body\"}]}","level":"error","timestamp":"2021-03-04T05:40:58.681Z"}
{"message":"{\"success\":false,\"message\":\"you have filled invalid data\",\"error\":[{\"value\":\"\",\"msg\":\"FirstName is Required!\",\"param\":\"firstName\",\"location\":\"body\"},{\"value\":\"\",\"msg\":\"FirstName should be only Alphabet!\",\"param\":\"firstName\",\"location\":\"body\"},{\"value\":\"\",\"msg\":\"FirstName atleast contains  3 character!\",\"param\":\"firstName\",\"location\":\"body\"}]}","level":"error","timestamp":"2021-03-04T05:41:54.953Z"}
{"message":"{\"success\":false,\"message\":\"something went Wrong\",\"error\":[{\"value\":\"\",\"msg\":\"FirstName is Required!\",\"param\":\"firstName\",\"location\":\"body\"},{\"value\":\"\",\"msg\":\"FirstName should be only Alphabet!\",\"param\":\"firstName\",\"location\":\"body\"},{\"value\":\"\",\"msg\":\"FirstName atleast contains  3 character!\",\"param\":\"firstName\",\"location\":\"body\"}]}","level":"error","timestamp":"2021-03-04T05:41:54.968Z"}
{"message":"{\"success\":false,\"message\":\"you have filled invalid data\",\"error\":[{\"value\":\"\",\"msg\":\"Email is Required!\",\"param\":\"email\",\"location\":\"body\"},{\"value\":\"\",\"msg\":\"Email is Invalid!!!\",\"param\":\"email\",\"location\":\"body\"}]}","level":"error","timestamp":"2021-03-04T05:44:58.496Z"}
{"message":"{\"success\":false,\"message\":\"something went Wrong\",\"error\":[{\"value\":\"\",\"msg\":\"Email is Required!\",\"param\":\"email\",\"location\":\"body\"},{\"value\":\"\",\"msg\":\"Email is Invalid!!!\",\"param\":\"email\",\"location\":\"body\"}]}","level":"error","timestamp":"2021-03-04T05:44:58.502Z"}
{"message":"{\"success\":false,\"message\":\"you have filled invalid data\",\"error\":[{\"value\":\"\",\"msg\":\"Password is Required!\",\"param\":\"password\",\"location\":\"body\"},{\"value\":\"\",\"msg\":\"Password atleast contains  6 character!\",\"param\":\"password\",\"location\":\"body\"}]}","level":"error","timestamp":"2021-03-04T05:45:12.958Z"}
{"message":"{\"success\":false,\"message\":\"something went Wrong\",\"error\":[{\"value\":\"\",\"msg\":\"Password is Required!\",\"param\":\"password\",\"location\":\"body\"},{\"value\":\"\",\"msg\":\"Password atleast contains  6 character!\",\"param\":\"password\",\"location\":\"body\"}]}","level":"error","timestamp":"2021-03-04T05:45:12.960Z"}
